<?xml version="1.0" encoding="UTF-8"?>
<!-- Generated by org.testng.reporters.JUnitReportReporter -->
<testsuite hostname="DESKTOP-Q05F3L3" failures="0" tests="1" name="TestCases.VerifyRegisterTestCase" time="4.608" errors="0" timestamp="2022-09-11T12:02:20 IST" skipped="0">
  <testcase classname="TestCases.VerifyRegisterTestCase" name="Register" time="4.608"/>
  <system-out/>
</testsuite> <!-- TestCases.VerifyRegisterTestCase -->
